#
# A fatal error has been detected by the Java Runtime Environment:
#
#  SIGSEGV (0xb) at pc=0x00000001077d0b76, pid=2840, tid=0x0000000000000713
#
# JRE version: Java(TM) SE Runtime Environment (8.0_101-b13) (build 1.8.0_101-b13)
# Java VM: Java HotSpot(TM) 64-Bit Server VM (25.101-b13 mixed mode bsd-amd64 compressed oops)
# Problematic frame:
# V  [libjvm.dylib+0x169b76]  ThreadStateTransition::trans_from_native(JavaThreadState)+0xa
#
# Failed to write core dump. Core dumps have been disabled. To enable core dumping, try "ulimit -c unlimited" before starting Java again
#
# If you would like to submit a bug report, please visit:
#   http://bugreport.java.com/bugreport/crash.jsp
#

---------------  T H R E A D  ---------------

Current thread is native thread

siginfo: si_signo: 11 (SIGSEGV), si_code: 1 (SEGV_MAPERR), si_addr: 0x0000000000000270

Registers:
RAX=0x0000000000000000, RBX=0x0000000000000000, RCX=0x000000010797a76f, RDX=0x00007faf7b0a51f8
RSP=0x00007fff586937e0, RBP=0x00007fff586937f0, RSI=0x0000000000000006, RDI=0x00007fff58693830
R8 =0x0000000000000185, R9 =0x0000000000000000, R10=0x00007faf7c6b75d0, R11=0x000000011f012ea0
R12=0x00007faf7b0a51f8, R13=0x00007faf7edb5d20, R14=0x00007faf7b0a51f8, R15=0x0000000000000000
RIP=0x00000001077d0b76, EFLAGS=0x0000000000010246, ERR=0x0000000000000006
  TRAPNO=0x000000000000000e

Top of Stack: (sp=0x00007fff586937e0)
0x00007fff586937e0:   00007faf79f95948 00007faf7b0a51f8
0x00007fff586937f0:   00007fff58693850 000000010797a79f
0x00007fff58693800:   00007fff7bc9d070 0000000000000000
0x00007fff58693810:   00007faf7a1dce00 00007faf7edbfeb0
0x00007fff58693820:   00007fff58693850 00000001246186e9
0x00007fff58693830:   0000000000000000 00007faf79d65100
0x00007fff58693840:   00007faf7a1dce00 00007faf7edbfeb0
0x00007fff58693850:   00007fff586938b0 00000001245788d5
0x00007fff58693860:   00007fff7bc9d070 0000000000000000
0x00007fff58693870:   40e053a9fd96cb22 0000000000000004
0x00007fff58693880:   00007fff586938b0 00007fff8cbb70c0
0x00007fff58693890:   0000000000000000 00007faf7edb5d20
0x00007fff586938a0:   00007faf7edbfeb0 0000000000000004
0x00007fff586938b0:   00007fff58693920 00007fff99a55537
0x00007fff586938c0:   00007fff58693900 0000000125e5e040
0x00007fff586938d0:   0000000000000000 00007faf7a1dce00
0x00007fff586938e0:   00007faf7edbfeb0 0000000000000000
0x00007fff586938f0:   40e053a9fd96cb22 00007faf7edbfeb0
0x00007fff58693900:   00007fff8cbb70c0 0000000000000018
0x00007fff58693910:   0000000000000004 0000000000000000
0x00007fff58693920:   00007fff586939a0 00007fff99a55103
0x00007fff58693930:   00007fff58693950 3ff0000000000000
0x00007fff58693940:   4078500000000000 4062200000000000
0x00007fff58693950:   0000000000000000 0000000000000000
0x00007fff58693960:   4078500000000000 4062200000000000
0x00007fff58693970:   00007fff58693e30 00007fff58693a80
0x00007fff58693980:   0000000125e643e8 00007fff96c9bf3e
0x00007fff58693990:   0000000000000001 0000000125e64340
0x00007fff586939a0:   00007fff58694a80 00007fff999fb7fd
0x00007fff586939b0:   00007fff58694a80 00007fff999fb6bf
0x00007fff586939c0:   00007fff58694a80 00007fff999fb09e
0x00007fff586939d0:   0000000125e643e8 0000000125e643e8 

Instructions: (pc=0x00000001077d0b76)
0x00000001077d0b56:   0e 48 8b 0b 49 8b 56 18 48 63 c0 48 89 0c c2 5b
0x00000001077d0b66:   41 5e 5d c3 90 90 55 48 89 e5 41 56 53 48 8b 1f
0x00000001077d0b76:   c7 83 70 02 00 00 05 00 00 00 48 8d 05 31 37 78
0x00000001077d0b86:   00 8b 00 83 f8 01 41 89 f6 75 0c 48 8d 0d 7e a2 

Register to memory mapping:

RAX=0x0000000000000000 is an unknown value
RBX=0x0000000000000000 is an unknown value
RCX=0x000000010797a76f: jni_NewLocalRef+0 in /Library/Java/JavaVirtualMachines/jdk1.8.0_101.jdk/Contents/Home/jre/lib/server/libjvm.dylib at 0x0000000107667000
RDX=0x00007faf7b0a51f8 is an unknown value
RSP=0x00007fff586937e0 is an unknown value
RBP=0x00007fff586937f0 is an unknown value
RSI=0x0000000000000006 is an unknown value
RDI=0x00007fff58693830 is an unknown value
R8 =0x0000000000000185 is an unknown value
R9 =0x0000000000000000 is an unknown value
R10=0x00007faf7c6b75d0 is an unknown value
R11=0x000000011f012ea0: OBJC_CLASS_$_JNFJObjectWrapper+0 in /System/Library/Frameworks/JavaVM.framework/Versions/A/Frameworks/JavaNativeFoundation.framework/Versions/A/JavaNativeFoundation at 0x000000011f008000
R12=0x00007faf7b0a51f8 is an unknown value
R13=0x00007faf7edb5d20 is an unknown value
R14=0x00007faf7b0a51f8 is an unknown value
R15=0x0000000000000000 is an unknown value


Stack: [0x00007fff57e98000,0x00007fff58698000],  sp=0x00007fff586937e0,  free space=8173k
Native frames: (J=compiled Java code, j=interpreted, Vv=VM code, C=native code)
V  [libjvm.dylib+0x169b76]  ThreadStateTransition::trans_from_native(JavaThreadState)+0xa
V  [libjvm.dylib+0x31379f]  jni_NewLocalRef+0x30
C  [libawt_lwawt.dylib+0x198d5]  -[CGLLayer drawInCGLContext:pixelFormat:forLayerTime:displayTime:]+0xee
C  [QuartzCore+0x69537]  CAOpenGLLayerDraw(CAOpenGLLayer*, double, CVTimeStamp const*, unsigned int)+0x2b6
C  [QuartzCore+0x69103]  -[CAOpenGLLayer _display]+0x183
C  [QuartzCore+0xf7fd]  CA::Layer::display_if_needed(CA::Transaction*)+0x25b
C  [QuartzCore+0xee81]  CA::Layer::layout_and_display_if_needed(CA::Transaction*)+0x23
C  [QuartzCore+0xe612]  CA::Context::commit_transaction(CA::Transaction*)+0xf2
C  [QuartzCore+0xe3ae]  CA::Transaction::commit()+0x186
C  [QuartzCore+0x1cf19]  CA::Transaction::observer_callback(__CFRunLoopObserver*, unsigned long, void*)+0x47
C  [CoreFoundation+0x80127]  __CFRUNLOOP_IS_CALLING_OUT_TO_AN_OBSERVER_CALLBACK_FUNCTION__+0x17
C  [CoreFoundation+0x80080]  __CFRunLoopDoObservers+0x170
C  [CoreFoundation+0x722ba]  __CFRunLoopRun+0x49a
C  [CoreFoundation+0x71bd8]  CFRunLoopRunSpecific+0x128
C  [java+0x6465]  CreateExecutionEnvironment+0x367
C  [java+0x218c]  JLI_Launch+0x7a0
C  [java+0x84c2]  main+0x65
C  [java+0x19e4]  start+0x34


---------------  P R O C E S S  ---------------

VM state:not at safepoint (normal execution)

VM Mutex/Monitor currently owned by a thread: None

Heap:
 PSYoungGen      total 38400K, used 32483K [0x0000000795580000, 0x0000000798000000, 0x00000007c0000000)
  eden space 33280K, 82% used [0x0000000795580000,0x000000079703cc28,0x0000000797600000)
  from space 5120K, 99% used [0x0000000797600000,0x0000000797afc100,0x0000000797b00000)
  to   space 5120K, 0% used [0x0000000797b00000,0x0000000797b00000,0x0000000798000000)
 ParOldGen       total 53760K, used 30262K [0x0000000740000000, 0x0000000743480000, 0x0000000795580000)
  object space 53760K, 56% used [0x0000000740000000,0x0000000741d8dae8,0x0000000743480000)
 Metaspace       used 24990K, capacity 26042K, committed 26112K, reserved 1071104K
  class space    used 3534K, capacity 3810K, committed 3840K, reserved 1048576K

Card table byte_map: [0x00000001183c0000,0x00000001187c1000] byte_map_base: 0x00000001149c0000

Marking Bits: (ParMarkBitMap*) 0x0000000107f54d20
 Begin Bits: [0x0000000118e78000, 0x000000011ae78000)
 End Bits:   [0x000000011ae78000, 0x000000011ce78000)

Polling page: 0x0000000108761000

CodeCache: size=245760Kb used=7834Kb max_used=7834Kb free=237925Kb
 bounds [0x0000000109000000, 0x00000001097b0000, 0x0000000118000000]
 total_blobs=3559 nmethods=2688 adapters=784
 compilation: enabled

Compilation events (10 events):
Event: 314.302 Thread 0x00007faf7a064800 nmethod 2703 0x000000010910ed90 code [0x000000010910ef20, 0x000000010910f1b8]
Event: 314.303 Thread 0x00007faf7a064800 2704       3       java.lang.invoke.LambdaForm$MH/51228289::linkToTargetMethod (8 bytes)
Event: 314.303 Thread 0x00007faf7a064800 nmethod 2704 0x00000001097a75d0 code [0x00000001097a7760, 0x00000001097a7ab8]
Event: 314.303 Thread 0x00007faf7a064800 2705       3       java.lang.invoke.LambdaForm$MH/2094548358::identity_L (8 bytes)
Event: 314.303 Thread 0x00007faf7a064800 nmethod 2705 0x00000001097a7110 code [0x00000001097a7280, 0x00000001097a74f0]
Event: 314.303 Thread 0x00007faf7a064800 2706       3       java.lang.Byte::valueOf (10 bytes)
Event: 314.304 Thread 0x00007faf7a064800 nmethod 2706 0x00000001097a6d50 code [0x00000001097a6ec0, 0x00000001097a7030]
Event: 314.304 Thread 0x00007faf7a064800 2710       3       java.util.Arrays::hashCode (56 bytes)
Event: 314.304 Thread 0x00007faf7a064800 nmethod 2710 0x00000001097a66d0 code [0x00000001097a6860, 0x00000001097a6be8]
Event: 314.304 Thread 0x00007faf7a064800 2707       3       java.lang.invoke.MemberName::<init> (131 bytes)

GC Heap History (8 events):
Event: 1.534 GC heap before
{Heap before GC invocations=1 (full 0):
 PSYoungGen      total 38400K, used 33280K [0x0000000795580000, 0x0000000798000000, 0x00000007c0000000)
  eden space 33280K, 100% used [0x0000000795580000,0x0000000797600000,0x0000000797600000)
  from space 5120K, 0% used [0x0000000797b00000,0x0000000797b00000,0x0000000798000000)
  to   space 5120K, 0% used [0x0000000797600000,0x0000000797600000,0x0000000797b00000)
 ParOldGen       total 87552K, used 0K [0x0000000740000000, 0x0000000745580000, 0x0000000795580000)
  object space 87552K, 0% used [0x0000000740000000,0x0000000740000000,0x0000000745580000)
 Metaspace       used 18848K, capacity 19514K, committed 19712K, reserved 1067008K
  class space    used 2553K, capacity 2730K, committed 2816K, reserved 1048576K
Event: 1.541 GC heap after
Heap after GC invocations=1 (full 0):
 PSYoungGen      total 38400K, used 5105K [0x0000000795580000, 0x0000000798000000, 0x00000007c0000000)
  eden space 33280K, 0% used [0x0000000795580000,0x0000000795580000,0x0000000797600000)
  from space 5120K, 99% used [0x0000000797600000,0x0000000797afc498,0x0000000797b00000)
  to   space 5120K, 0% used [0x0000000797b00000,0x0000000797b00000,0x0000000798000000)
 ParOldGen       total 87552K, used 148K [0x0000000740000000, 0x0000000745580000, 0x0000000795580000)
  object space 87552K, 0% used [0x0000000740000000,0x00000007400253f0,0x0000000745580000)
 Metaspace       used 18848K, capacity 19514K, committed 19712K, reserved 1067008K
  class space    used 2553K, capacity 2730K, committed 2816K, reserved 1048576K
}
Event: 85.058 GC heap before
{Heap before GC invocations=2 (full 0):
 PSYoungGen      total 38400K, used 15625K [0x0000000795580000, 0x0000000798000000, 0x00000007c0000000)
  eden space 33280K, 31% used [0x0000000795580000,0x0000000795fc61f0,0x0000000797600000)
  from space 5120K, 99% used [0x0000000797600000,0x0000000797afc498,0x0000000797b00000)
  to   space 5120K, 0% used [0x0000000797b00000,0x0000000797b00000,0x0000000798000000)
 ParOldGen       total 87552K, used 148K [0x0000000740000000, 0x0000000745580000, 0x0000000795580000)
  object space 87552K, 0% used [0x0000000740000000,0x00000007400253f0,0x0000000745580000)
 Metaspace       used 20474K, capacity 21160K, committed 21248K, reserved 1067008K
  class space    used 2809K, capacity 3009K, committed 3072K, reserved 1048576K
Event: 85.068 GC heap after
Heap after GC invocations=2 (full 0):
 PSYoungGen      total 38400K, used 5100K [0x0000000795580000, 0x0000000798000000, 0x00000007c0000000)
  eden space 33280K, 0% used [0x0000000795580000,0x0000000795580000,0x0000000797600000)
  from space 5120K, 99% used [0x0000000797b00000,0x0000000797ffb050,0x0000000798000000)
  to   space 5120K, 0% used [0x0000000797600000,0x0000000797600000,0x0000000797b00000)
 ParOldGen       total 87552K, used 7832K [0x0000000740000000, 0x0000000745580000, 0x0000000795580000)
  object space 87552K, 8% used [0x0000000740000000,0x00000007407a6240,0x0000000745580000)
 Metaspace       used 20474K, capacity 21160K, committed 21248K, reserved 1067008K
  class space    used 2809K, capacity 3009K, committed 3072K, reserved 1048576K
}
Event: 85.068 GC heap before
{Heap before GC invocations=3 (full 1):
 PSYoungGen      total 38400K, used 5100K [0x0000000795580000, 0x0000000798000000, 0x00000007c0000000)
  eden space 33280K, 0% used [0x0000000795580000,0x0000000795580000,0x0000000797600000)
  from space 5120K, 99% used [0x0000000797b00000,0x0000000797ffb050,0x0000000798000000)
  to   space 5120K, 0% used [0x0000000797600000,0x0000000797600000,0x0000000797b00000)
 ParOldGen       total 87552K, used 7832K [0x0000000740000000, 0x0000000745580000, 0x0000000795580000)
  object space 87552K, 8% used [0x0000000740000000,0x00000007407a6240,0x0000000745580000)
 Metaspace       used 20474K, capacity 21160K, committed 21248K, reserved 1067008K
  class space    used 2809K, capacity 3009K, committed 3072K, reserved 1048576K
Event: 85.090 GC heap after
Heap after GC invocations=3 (full 1):
 PSYoungGen      total 38400K, used 0K [0x0000000795580000, 0x0000000798000000, 0x00000007c0000000)
  eden space 33280K, 0% used [0x0000000795580000,0x0000000795580000,0x0000000797600000)
  from space 5120K, 0% used [0x0000000797b00000,0x0000000797b00000,0x0000000798000000)
  to   space 5120K, 0% used [0x0000000797600000,0x0000000797600000,0x0000000797b00000)
 ParOldGen       total 53760K, used 10867K [0x0000000740000000, 0x0000000743480000, 0x0000000795580000)
  object space 53760K, 20% used [0x0000000740000000,0x0000000740a9ce88,0x0000000743480000)
 Metaspace       used 20474K, capacity 21160K, committed 21248K, reserved 1067008K
  class space    used 2809K, capacity 3009K, committed 3072K, reserved 1048576K
}
Event: 97.466 GC heap before
{Heap before GC invocations=4 (full 1):
 PSYoungGen      total 38400K, used 32138K [0x0000000795580000, 0x0000000798000000, 0x00000007c0000000)
  eden space 33280K, 96% used [0x0000000795580000,0x00000007974e29c8,0x0000000797600000)
  from space 5120K, 0% used [0x0000000797b00000,0x0000000797b00000,0x0000000798000000)
  to   space 5120K, 0% used [0x0000000797600000,0x0000000797600000,0x0000000797b00000)
 ParOldGen       total 53760K, used 14399K [0x0000000740000000, 0x0000000743480000, 0x0000000795580000)
  object space 53760K, 26% used [0x0000000740000000,0x0000000740e0fe88,0x0000000743480000)
 Metaspace       used 24708K, capacity 25750K, committed 25856K, reserved 1071104K
  class space    used 3529K, capacity 3802K, committed 3840K, reserved 1048576K
Event: 97.476 GC heap after
Heap after GC invocations=4 (full 1):
 PSYoungGen      total 38400K, used 5104K [0x0000000795580000, 0x0000000798000000, 0x00000007c0000000)
  eden space 33280K, 0% used [0x0000000795580000,0x0000000795580000,0x0000000797600000)
  from space 5120K, 99% used [0x0000000797600000,0x0000000797afc100,0x0000000797b00000)
  to   space 5120K, 0% used [0x0000000797b00000,0x0000000797b00000,0x0000000798000000)
 ParOldGen       total 53760K, used 30262K [0x0000000740000000, 0x0000000743480000, 0x0000000795580000)
  object space 53760K, 56% used [0x0000000740000000,0x0000000741d8dae8,0x0000000743480000)
 Metaspace       used 24708K, capacity 25750K, committed 25856K, reserved 1071104K
  class space    used 3529K, capacity 3802K, committed 3840K, reserved 1048576K
}

Deoptimization events (10 events):
Event: 86.648 Thread 0x00007faf7b0a5000 Uncommon trap: reason=class_check action=maybe_recompile pc=0x0000000109375054 method=java.io.FilterInputStream.read()I @ 4
Event: 86.648 Thread 0x00007faf7b0a5000 Uncommon trap: reason=class_check action=maybe_recompile pc=0x0000000109375054 method=java.io.FilterInputStream.read()I @ 4
Event: 86.648 Thread 0x00007faf7b0a5000 Uncommon trap: reason=class_check action=maybe_recompile pc=0x0000000109375054 method=java.io.FilterInputStream.read()I @ 4
Event: 86.648 Thread 0x00007faf7b0a5000 Uncommon trap: reason=class_check action=maybe_recompile pc=0x0000000109375054 method=java.io.FilterInputStream.read()I @ 4
Event: 87.776 Thread 0x00007faf7b0a2800 Uncommon trap: reason=predicate action=maybe_recompile pc=0x00000001094aca9c method=java.util.Arrays.binarySearch0([Ljava/lang/Object;IILjava/lang/Object;Ljava/util/Comparator;)I @ 28
Event: 96.781 Thread 0x00007faf7a916800 Uncommon trap: reason=unstable_if action=reinterpret pc=0x00000001095abb38 method=com.sun.javafx.tk.quantum.QuantumToolkit.postPulse()V @ 37
Event: 96.953 Thread 0x00007faf7b0a5000 Uncommon trap: reason=class_check action=maybe_recompile pc=0x00000001096183d0 method=javafx.scene.Node.updateLocalToParentTransform()V @ 11
Event: 96.969 Thread 0x00007faf7b0a5000 Uncommon trap: reason=class_check action=maybe_recompile pc=0x00000001096183d0 method=javafx.scene.Node.updateLocalToParentTransform()V @ 11
Event: 96.988 Thread 0x00007faf7b0a5000 Uncommon trap: reason=class_check action=maybe_recompile pc=0x00000001096183d0 method=javafx.scene.Node.updateLocalToParentTransform()V @ 11
Event: 97.022 Thread 0x00007faf7b0a5000 Uncommon trap: reason=class_check action=maybe_recompile pc=0x00000001096183d0 method=javafx.scene.Node.updateLocalToParentTransform()V @ 11

Internal exceptions (10 events):
Event: 0.230 Thread 0x00007faf7a0e1800 Exception <a 'java/lang/NullPointerException'> (0x0000000795a2b968) thrown at [/HUDSON3/workspace/8-2-build-macosx-x86_64/jdk8u101/7261/hotspot/src/share/vm/interpreter/linkResolver.cpp, line 1178]
Event: 0.505 Thread 0x00007faf7b0a5000 Exception <a 'java/io/FileNotFoundException'> (0x00000007960e1b70) thrown at [/HUDSON3/workspace/8-2-build-macosx-x86_64/jdk8u101/7261/hotspot/src/share/vm/prims/jni.cpp, line 709]
Event: 0.505 Thread 0x00007faf7b0a5000 Exception <a 'java/io/FileNotFoundException'> (0x00000007960e26f8) thrown at [/HUDSON3/workspace/8-2-build-macosx-x86_64/jdk8u101/7261/hotspot/src/share/vm/prims/jni.cpp, line 709]
Event: 0.537 Thread 0x00007faf7a912800 Exception <a 'java/lang/InterruptedException': sleep interrupted> (0x0000000796137f28) thrown at [/HUDSON3/workspace/8-2-build-macosx-x86_64/jdk8u101/7261/hotspot/src/share/vm/prims/jvm.cpp, line 3167]
Event: 0.827 Thread 0x00007faf7b0a5000 Exception <a 'java/lang/NullPointerException'> (0x0000000796782450) thrown at [/HUDSON3/workspace/8-2-build-macosx-x86_64/jdk8u101/7261/hotspot/src/share/vm/interpreter/linkResolver.cpp, line 1178]
Event: 0.899 Thread 0x00007faf7b0a5000 Exception <a 'java/lang/NullPointerException'> (0x0000000796a43790) thrown at [/HUDSON3/workspace/8-2-build-macosx-x86_64/jdk8u101/7261/hotspot/src/share/vm/interpreter/linkResolver.cpp, line 1178]
Event: 0.899 Thread 0x00007faf7b0a5000 Exception <a 'java/lang/NullPointerException'> (0x0000000796a43790) thrown at [/HUDSON3/workspace/8-2-build-macosx-x86_64/jdk8u101/7261/hotspot/src/share/vm/prims/jvm.cpp, line 1390]
Event: 1.516 Thread 0x00007faf7a187800 Implicit null exception at 0x00000001092487b5 to 0x0000000109248b3d
Event: 1.517 Thread 0x00007faf7a187800 Implicit null exception at 0x0000000109211575 to 0x00000001092118d1
Event: 97.482 Thread 0x00007faf7b00d000 Exception <a 'java/lang/NullPointerException'> (0x00000007959c5be8) thrown at [/HUDSON3/workspace/8-2-build-macosx-x86_64/jdk8u101/7261/hotspot/src/share/vm/interpreter/linkResolver.cpp, line 1178]

Events (10 events):
Event: 314.297 loading class javafx/application/Application done
Event: 314.297 loading class javafx/application/Application
Event: 314.297 loading class javafx/application/Application done
Event: 314.304 loading class com/sun/javafx/tk/quantum/QuantumRenderer
Event: 314.304 loading class com/sun/javafx/tk/quantum/QuantumRenderer done
Event: 314.305 loading class com/sun/javafx/tk/quantum/QuantumToolkit
Event: 314.305 loading class com/sun/javafx/tk/quantum/QuantumToolkit done
Event: 314.305 Thread 0x00007faf7b0a2800 Thread exited: 0x00007faf7b0a2800
Event: 314.305 Thread 0x00007faf7b0a5000 Thread exited: 0x00007faf7b0a5000
Event: 314.305 Thread 0x00007faf7a0e1800 Thread exited: 0x00007faf7a0e1800


Dynamic libraries:
0x000000000bbab000 	/System/Library/Frameworks/Cocoa.framework/Versions/A/Cocoa
0x000000000bbab000 	/System/Library/Frameworks/Security.framework/Versions/A/Security
0x000000000bbab000 	/System/Library/Frameworks/ApplicationServices.framework/Versions/A/ApplicationServices
0x000000000bbab000 	/usr/lib/libz.1.dylib
0x000000000bbab000 	/usr/lib/libSystem.B.dylib
0x000000000bbab000 	/usr/lib/libobjc.A.dylib
0x000000000bbab000 	/System/Library/Frameworks/CoreFoundation.framework/Versions/A/CoreFoundation
0x000000000bbab000 	/System/Library/Frameworks/Foundation.framework/Versions/C/Foundation
0x000000000bbab000 	/System/Library/Frameworks/AppKit.framework/Versions/C/AppKit
0x000000000bbab000 	/System/Library/Frameworks/CoreData.framework/Versions/A/CoreData
0x000000000bbab000 	/System/Library/PrivateFrameworks/RemoteViewServices.framework/Versions/A/RemoteViewServices
0x000000000bbab000 	/System/Library/PrivateFrameworks/UIFoundation.framework/Versions/A/UIFoundation
0x000000000bbab000 	/System/Library/Frameworks/IOSurface.framework/Versions/A/IOSurface
0x000000000bbab000 	/System/Library/Frameworks/AudioToolbox.framework/Versions/A/AudioToolbox
0x000000000bbab000 	/System/Library/Frameworks/AudioUnit.framework/Versions/A/AudioUnit
0x000000000bbab000 	/System/Library/PrivateFrameworks/DataDetectorsCore.framework/Versions/A/DataDetectorsCore
0x000000000bbab000 	/System/Library/PrivateFrameworks/DesktopServicesPriv.framework/Versions/A/DesktopServicesPriv
0x000000000bbab000 	/System/Library/Frameworks/Carbon.framework/Versions/A/Frameworks/HIToolbox.framework/Versions/A/HIToolbox
0x000000000bbab000 	/System/Library/Frameworks/QuartzCore.framework/Versions/A/QuartzCore
0x000000000bbab000 	/System/Library/Frameworks/Carbon.framework/Versions/A/Frameworks/SpeechRecognition.framework/Versions/A/SpeechRecognition
0x000000000bbab000 	/usr/lib/libauto.dylib
0x000000000bbab000 	/usr/lib/libicucore.A.dylib
0x000000000bbab000 	/usr/lib/libxml2.2.dylib
0x000000000bbab000 	/System/Library/PrivateFrameworks/CoreUI.framework/Versions/A/CoreUI
0x000000000bbab000 	/System/Library/Frameworks/CoreAudio.framework/Versions/A/CoreAudio
0x000000000bbab000 	/System/Library/Frameworks/DiskArbitration.framework/Versions/A/DiskArbitration
0x000000000bbab000 	/usr/lib/liblangid.dylib
0x000000000bbab000 	/System/Library/PrivateFrameworks/MultitouchSupport.framework/Versions/A/MultitouchSupport
0x000000000bbab000 	/System/Library/Frameworks/IOKit.framework/Versions/A/IOKit
0x000000000bbab000 	/usr/lib/libDiagnosticMessagesClient.dylib
0x000000000bbab000 	/System/Library/Frameworks/CoreServices.framework/Versions/A/CoreServices
0x000000000bbab000 	/System/Library/PrivateFrameworks/PerformanceAnalysis.framework/Versions/A/PerformanceAnalysis
0x000000000bbab000 	/System/Library/PrivateFrameworks/GenerationalStorage.framework/Versions/A/GenerationalStorage
0x000000000bbab000 	/System/Library/Frameworks/OpenGL.framework/Versions/A/OpenGL
0x000000000bbab000 	/System/Library/PrivateFrameworks/Sharing.framework/Versions/A/Sharing
0x000000000bbab000 	/System/Library/Frameworks/CoreGraphics.framework/Versions/A/CoreGraphics
0x000000000bbab000 	/System/Library/Frameworks/CoreText.framework/Versions/A/CoreText
0x000000000bbab000 	/System/Library/Frameworks/ImageIO.framework/Versions/A/ImageIO
0x000000000bbab000 	/usr/lib/libextension.dylib
0x000000000bbab000 	/System/Library/PrivateFrameworks/Backup.framework/Versions/A/Backup
0x000000000bbab000 	/usr/lib/libarchive.2.dylib
0x000000000bbab000 	/System/Library/Frameworks/CFNetwork.framework/Versions/A/CFNetwork
0x000000000bbab000 	/System/Library/Frameworks/SystemConfiguration.framework/Versions/A/SystemConfiguration
0x000000000bbab000 	/usr/lib/libCRFSuite.dylib
0x000000000bbab000 	/usr/lib/libc++.1.dylib
0x000000000bbab000 	/usr/lib/libc++abi.dylib
0x000000000bbab000 	/usr/lib/system/libcache.dylib
0x000000000bbab000 	/usr/lib/system/libcommonCrypto.dylib
0x000000000bbab000 	/usr/lib/system/libcompiler_rt.dylib
0x000000000bbab000 	/usr/lib/system/libcopyfile.dylib
0x000000000bbab000 	/usr/lib/system/libcorecrypto.dylib
0x000000000bbab000 	/usr/lib/system/libdispatch.dylib
0x000000000bbab000 	/usr/lib/system/libdyld.dylib
0x000000000bbab000 	/usr/lib/system/libkeymgr.dylib
0x000000000bbab000 	/usr/lib/system/liblaunch.dylib
0x000000000bbab000 	/usr/lib/system/libmacho.dylib
0x000000000bbab000 	/usr/lib/system/libquarantine.dylib
0x000000000bbab000 	/usr/lib/system/libremovefile.dylib
0x000000000bbab000 	/usr/lib/system/libsystem_asl.dylib
0x000000000bbab000 	/usr/lib/system/libsystem_blocks.dylib
0x000000000bbab000 	/usr/lib/system/libsystem_c.dylib
0x000000000bbab000 	/usr/lib/system/libsystem_configuration.dylib
0x000000000bbab000 	/usr/lib/system/libsystem_coreservices.dylib
0x000000000bbab000 	/usr/lib/system/libsystem_coretls.dylib
0x000000000bbab000 	/usr/lib/system/libsystem_dnssd.dylib
0x000000000bbab000 	/usr/lib/system/libsystem_info.dylib
0x000000000bbab000 	/usr/lib/system/libsystem_kernel.dylib
0x000000000bbab000 	/usr/lib/system/libsystem_m.dylib
0x000000000bbab000 	/usr/lib/system/libsystem_malloc.dylib
0x000000000bbab000 	/usr/lib/system/libsystem_network.dylib
0x000000000bbab000 	/usr/lib/system/libsystem_networkextension.dylib
0x000000000bbab000 	/usr/lib/system/libsystem_notify.dylib
0x000000000bbab000 	/usr/lib/system/libsystem_platform.dylib
0x000000000bbab000 	/usr/lib/system/libsystem_pthread.dylib
0x000000000bbab000 	/usr/lib/system/libsystem_sandbox.dylib
0x000000000bbab000 	/usr/lib/system/libsystem_secinit.dylib
0x000000000bbab000 	/usr/lib/system/libsystem_stats.dylib
0x000000000bbab000 	/usr/lib/system/libsystem_trace.dylib
0x000000000bbab000 	/usr/lib/system/libunc.dylib
0x000000000bbab000 	/usr/lib/system/libunwind.dylib
0x000000000bbab000 	/usr/lib/system/libxpc.dylib
0x000000000bbab000 	/usr/lib/libbz2.1.0.dylib
0x000000000bbab000 	/usr/lib/liblzma.5.dylib
0x000000000bbab000 	/usr/lib/libbsm.0.dylib
0x000000000bbab000 	/usr/lib/libsqlite3.dylib
0x000000000bbab000 	/usr/lib/system/libkxld.dylib
0x000000000bbab000 	/usr/lib/libxar.1.dylib
0x000000000bbab000 	/usr/lib/libpam.2.dylib
0x000000000bbab000 	/usr/lib/libOpenScriptingUtil.dylib
0x000000000bbab000 	/System/Library/Frameworks/CoreServices.framework/Versions/A/Frameworks/FSEvents.framework/Versions/A/FSEvents
0x000000000bbab000 	/System/Library/Frameworks/CoreServices.framework/Versions/A/Frameworks/CarbonCore.framework/Versions/A/CarbonCore
0x000000000bbab000 	/System/Library/Frameworks/CoreServices.framework/Versions/A/Frameworks/Metadata.framework/Versions/A/Metadata
0x000000000bbab000 	/System/Library/Frameworks/CoreServices.framework/Versions/A/Frameworks/OSServices.framework/Versions/A/OSServices
0x000000000bbab000 	/System/Library/Frameworks/CoreServices.framework/Versions/A/Frameworks/SearchKit.framework/Versions/A/SearchKit
0x000000000bbab000 	/System/Library/Frameworks/CoreServices.framework/Versions/A/Frameworks/AE.framework/Versions/A/AE
0x000000000bbab000 	/System/Library/Frameworks/CoreServices.framework/Versions/A/Frameworks/LaunchServices.framework/Versions/A/LaunchServices
0x000000000bbab000 	/System/Library/Frameworks/CoreServices.framework/Versions/A/Frameworks/DictionaryServices.framework/Versions/A/DictionaryServices
0x000000000bbab000 	/System/Library/Frameworks/NetFS.framework/Versions/A/NetFS
0x000000000bbab000 	/System/Library/PrivateFrameworks/NetAuth.framework/Versions/A/NetAuth
0x000000000bbab000 	/System/Library/PrivateFrameworks/login.framework/Versions/A/Frameworks/loginsupport.framework/Versions/A/loginsupport
0x000000000bbab000 	/System/Library/PrivateFrameworks/TCC.framework/Versions/A/TCC
0x000000000bbab000 	/usr/lib/libmecabra.dylib
0x000000000bbab000 	/System/Library/Frameworks/ApplicationServices.framework/Versions/A/Frameworks/ATS.framework/Versions/A/ATS
0x000000000bbab000 	/System/Library/Frameworks/ApplicationServices.framework/Versions/A/Frameworks/ColorSync.framework/Versions/A/ColorSync
0x000000000bbab000 	/System/Library/Frameworks/ApplicationServices.framework/Versions/A/Frameworks/HIServices.framework/Versions/A/HIServices
0x000000000bbab000 	/System/Library/Frameworks/ApplicationServices.framework/Versions/A/Frameworks/LangAnalysis.framework/Versions/A/LangAnalysis
0x000000000bbab000 	/System/Library/Frameworks/ApplicationServices.framework/Versions/A/Frameworks/PrintCore.framework/Versions/A/PrintCore
0x000000000bbab000 	/System/Library/Frameworks/ApplicationServices.framework/Versions/A/Frameworks/QD.framework/Versions/A/QD
0x000000000bbab000 	/System/Library/Frameworks/ApplicationServices.framework/Versions/A/Frameworks/SpeechSynthesis.framework/Versions/A/SpeechSynthesis
0x000000000bbab000 	/System/Library/Frameworks/Accelerate.framework/Versions/A/Accelerate
0x000000000bbab000 	/System/Library/Frameworks/Accelerate.framework/Versions/A/Frameworks/vImage.framework/Versions/A/vImage
0x000000000bbab000 	/System/Library/Frameworks/Accelerate.framework/Versions/A/Frameworks/vecLib.framework/Versions/A/vecLib
0x000000000bbab000 	/System/Library/Frameworks/Accelerate.framework/Versions/A/Frameworks/vecLib.framework/Versions/A/libvDSP.dylib
0x000000000bbab000 	/System/Library/Frameworks/Accelerate.framework/Versions/A/Frameworks/vecLib.framework/Versions/A/libvMisc.dylib
0x000000000bbab000 	/System/Library/Frameworks/Accelerate.framework/Versions/A/Frameworks/vecLib.framework/Versions/A/libLAPACK.dylib
0x000000000bbab000 	/System/Library/Frameworks/Accelerate.framework/Versions/A/Frameworks/vecLib.framework/Versions/A/libBLAS.dylib
0x000000000bbab000 	/System/Library/Frameworks/Accelerate.framework/Versions/A/Frameworks/vecLib.framework/Versions/A/libLinearAlgebra.dylib
0x000000000bbab000 	/System/Library/Frameworks/ApplicationServices.framework/Versions/A/Frameworks/ATS.framework/Versions/A/Resources/libFontParser.dylib
0x000000000bbab000 	/System/Library/Frameworks/ApplicationServices.framework/Versions/A/Frameworks/ATS.framework/Versions/A/Resources/libFontRegistry.dylib
0x000000000bbab000 	/System/Library/PrivateFrameworks/AppleVPA.framework/Versions/A/AppleVPA
0x000000000bbab000 	/System/Library/PrivateFrameworks/AppleJPEG.framework/Versions/A/AppleJPEG
0x000000000bbab000 	/System/Library/Frameworks/ImageIO.framework/Versions/A/Resources/libJPEG.dylib
0x000000000bbab000 	/System/Library/Frameworks/ImageIO.framework/Versions/A/Resources/libTIFF.dylib
0x000000000bbab000 	/System/Library/Frameworks/ImageIO.framework/Versions/A/Resources/libPng.dylib
0x000000000bbab000 	/System/Library/Frameworks/ImageIO.framework/Versions/A/Resources/libGIF.dylib
0x000000000bbab000 	/System/Library/Frameworks/ImageIO.framework/Versions/A/Resources/libJP2.dylib
0x000000000bbab000 	/System/Library/Frameworks/ImageIO.framework/Versions/A/Resources/libRadiance.dylib
0x000000000bbab000 	/System/Library/Frameworks/CoreVideo.framework/Versions/A/CoreVideo
0x000000000bbab000 	/System/Library/Frameworks/OpenGL.framework/Versions/A/Libraries/libGLU.dylib
0x000000000bbab000 	/System/Library/Frameworks/OpenGL.framework/Versions/A/Libraries/libGFXShared.dylib
0x000000000bbab000 	/System/Library/Frameworks/OpenGL.framework/Versions/A/Libraries/libGL.dylib
0x000000000bbab000 	/System/Library/Frameworks/OpenGL.framework/Versions/A/Libraries/libGLImage.dylib
0x000000000bbab000 	/System/Library/Frameworks/OpenGL.framework/Versions/A/Libraries/libCVMSPluginSupport.dylib
0x000000000bbab000 	/System/Library/Frameworks/OpenGL.framework/Versions/A/Libraries/libCoreVMClient.dylib
0x000000000bbab000 	/usr/lib/libcups.2.dylib
0x000000000bbab000 	/System/Library/Frameworks/Kerberos.framework/Versions/A/Kerberos
0x000000000bbab000 	/System/Library/Frameworks/GSS.framework/Versions/A/GSS
0x000000000bbab000 	/usr/lib/libresolv.9.dylib
0x000000000bbab000 	/usr/lib/libiconv.2.dylib
0x000000000bbab000 	/System/Library/PrivateFrameworks/Heimdal.framework/Versions/A/Heimdal
0x000000000bbab000 	/usr/lib/libheimdal-asn1.dylib
0x000000000bbab000 	/System/Library/Frameworks/OpenDirectory.framework/Versions/A/OpenDirectory
0x000000000bbab000 	/System/Library/PrivateFrameworks/CommonAuth.framework/Versions/A/CommonAuth
0x000000000bbab000 	/System/Library/Frameworks/OpenDirectory.framework/Versions/A/Frameworks/CFOpenDirectory.framework/Versions/A/CFOpenDirectory
0x000000000bbab000 	/System/Library/Frameworks/SecurityFoundation.framework/Versions/A/SecurityFoundation
0x000000000bbab000 	/System/Library/PrivateFrameworks/LanguageModeling.framework/Versions/A/LanguageModeling
0x000000000bbab000 	/usr/lib/libcmph.dylib
0x000000000bbab000 	/System/Library/Frameworks/ServiceManagement.framework/Versions/A/ServiceManagement
0x000000000bbab000 	/usr/lib/libxslt.1.dylib
0x000000000bbab000 	/System/Library/Frameworks/Carbon.framework/Versions/A/Frameworks/Ink.framework/Versions/A/Ink
0x000000000bbab000 	/System/Library/Frameworks/QuartzCore.framework/Versions/A/Frameworks/CoreImage.framework/Versions/A/CoreImage
0x000000000bbab000 	/System/Library/PrivateFrameworks/CrashReporterSupport.framework/Versions/A/CrashReporterSupport
0x000000000bbab000 	/System/Library/Frameworks/OpenCL.framework/Versions/A/OpenCL
0x000000000bbab000 	/System/Library/PrivateFrameworks/FaceCore.framework/Versions/A/FaceCore
0x000000000bbab000 	/System/Library/PrivateFrameworks/Ubiquity.framework/Versions/A/Ubiquity
0x000000000bbab000 	/System/Library/PrivateFrameworks/IconServices.framework/Versions/A/IconServices
0x000000000bbab000 	/System/Library/PrivateFrameworks/ChunkingLibrary.framework/Versions/A/ChunkingLibrary
0x000000000bbab000 	/System/Library/PrivateFrameworks/Apple80211.framework/Versions/A/Apple80211
0x000000000bbab000 	/System/Library/Frameworks/CoreWLAN.framework/Versions/A/CoreWLAN
0x000000000bbab000 	/System/Library/Frameworks/IOBluetooth.framework/Versions/A/IOBluetooth
0x000000000bbab000 	/System/Library/PrivateFrameworks/CoreWiFi.framework/Versions/A/CoreWiFi
0x000000000bbab000 	/System/Library/Frameworks/CoreBluetooth.framework/Versions/A/CoreBluetooth
0x000000000bbab000 	/System/Library/PrivateFrameworks/DebugSymbols.framework/Versions/A/DebugSymbols
0x000000000bbab000 	/System/Library/PrivateFrameworks/CoreSymbolication.framework/Versions/A/CoreSymbolication
0x000000000bbab000 	/System/Library/PrivateFrameworks/Symbolication.framework/Versions/A/Symbolication
0x000000000bbab000 	/System/Library/PrivateFrameworks/SpeechRecognitionCore.framework/Versions/A/SpeechRecognitionCore
0x0000000107667000 	/Library/Java/JavaVirtualMachines/jdk1.8.0_101.jdk/Contents/Home/jre/lib/server/libjvm.dylib
0x000000000bbab000 	/usr/lib/libstdc++.6.dylib
0x000000010871e000 	/Library/Java/JavaVirtualMachines/jdk1.8.0_101.jdk/Contents/Home/jre/lib/libverify.dylib
0x000000010872c000 	/Library/Java/JavaVirtualMachines/jdk1.8.0_101.jdk/Contents/Home/jre/lib/libjava.dylib
0x000000010876b000 	/Library/Java/JavaVirtualMachines/jdk1.8.0_101.jdk/Contents/Home/jre/lib/libzip.dylib
0x00000001087e5000 	/System/Library/Frameworks/JavaVM.framework/Frameworks/JavaRuntimeSupport.framework/JavaRuntimeSupport
0x000000011f008000 	/System/Library/Frameworks/JavaVM.framework/Versions/A/Frameworks/JavaNativeFoundation.framework/Versions/A/JavaNativeFoundation
0x000000011f01c000 	/System/Library/Frameworks/JavaVM.framework/Versions/A/JavaVM
0x000000000bbab000 	/System/Library/Frameworks/Carbon.framework/Versions/A/Carbon
0x000000011f028000 	/System/Library/PrivateFrameworks/JavaLaunching.framework/Versions/A/JavaLaunching
0x000000000bbab000 	/System/Library/Frameworks/Carbon.framework/Versions/A/Frameworks/CommonPanels.framework/Versions/A/CommonPanels
0x000000000bbab000 	/System/Library/Frameworks/Carbon.framework/Versions/A/Frameworks/Help.framework/Versions/A/Help
0x000000000bbab000 	/System/Library/Frameworks/Carbon.framework/Versions/A/Frameworks/ImageCapture.framework/Versions/A/ImageCapture
0x000000000bbab000 	/System/Library/Frameworks/Carbon.framework/Versions/A/Frameworks/OpenScripting.framework/Versions/A/OpenScripting
0x000000000bbab000 	/System/Library/Frameworks/Carbon.framework/Versions/A/Frameworks/Print.framework/Versions/A/Print
0x000000000bbab000 	/System/Library/Frameworks/Carbon.framework/Versions/A/Frameworks/SecurityHI.framework/Versions/A/SecurityHI
0x0000000121082000 	/Applications/IntelliJ IDEA.app/Contents/bin/libbreakgen64.jnilib
0x000000012121e000 	/Library/Java/JavaVirtualMachines/jdk1.8.0_101.jdk/Contents/Home/jre/lib/libnet.dylib
0x0000000121483000 	/Library/Java/JavaVirtualMachines/jdk1.8.0_101.jdk/Contents/Home/jre/lib/libprism_es2.dylib
0x000000000bbab000 	/System/Library/Frameworks/OpenGL.framework/Versions/A/Resources/GLEngine.bundle/GLEngine
0x000000000bbab000 	/System/Library/Frameworks/OpenGL.framework/Versions/A/Libraries/libGLProgrammability.dylib
0x0000000121505000 	/System/Library/Extensions/ATIRadeonX2000GLDriver.bundle/Contents/MacOS/ATIRadeonX2000GLDriver
0x00000001217de000 	/System/Library/PrivateFrameworks/GPUSupport.framework/Versions/A/Libraries/libGPUSupport.dylib
0x000000000bbab000 	/System/Library/Frameworks/OpenGL.framework/Versions/A/Resources/GLRendererFloat.bundle/GLRendererFloat
0x000000000bbab000 	/System/Library/Frameworks/OpenCL.framework/Versions/A/Libraries/libcldcpuengine.dylib
0x000000000bbab000 	/System/Library/PrivateFrameworks/DiskImages.framework/Versions/A/DiskImages
0x000000000bbab000 	/System/Library/Frameworks/DiscRecording.framework/Versions/A/DiscRecording
0x000000000bbab000 	/usr/lib/libcsfde.dylib
0x000000000bbab000 	/usr/lib/libcurl.4.dylib
0x000000000bbab000 	/System/Library/PrivateFrameworks/MediaKit.framework/Versions/A/MediaKit
0x000000000bbab000 	/System/Library/PrivateFrameworks/ProtectedCloudStorage.framework/Versions/A/ProtectedCloudStorage
0x000000000bbab000 	/usr/lib/libCoreStorage.dylib
0x000000000bbab000 	/System/Library/PrivateFrameworks/EFILogin.framework/Versions/A/EFILogin
0x000000000bbab000 	/usr/lib/libutil.dylib
0x000000000bbab000 	/System/Library/PrivateFrameworks/FindMyDevice.framework/Versions/A/FindMyDevice
0x000000000bbab000 	/System/Library/Frameworks/LDAP.framework/Versions/A/LDAP
0x000000000bbab000 	/usr/lib/libsasl2.2.dylib
0x000000000bbab000 	/System/Library/PrivateFrameworks/CoreDaemon.framework/Versions/B/CoreDaemon
0x000000000bbab000 	/usr/lib/libcrypto.0.9.8.dylib
0x000000000bbab000 	/System/Library/PrivateFrameworks/AppleSRP.framework/Versions/A/AppleSRP
0x000000000bbab000 	/System/Library/PrivateFrameworks/TrustEvaluationAgent.framework/Versions/A/TrustEvaluationAgent
0x000000012181d000 	/Library/Java/JavaVirtualMachines/jdk1.8.0_101.jdk/Contents/Home/jre/lib/libglass.dylib
0x000000000bbab000 	/System/Library/PrivateFrameworks/CoreServicesInternal.framework/Versions/A/CoreServicesInternal
0x000000000bbab000 	/System/Library/PrivateFrameworks/CloudDocs.framework/Versions/A/CloudDocs
0x000000000bbab000 	/System/Library/PrivateFrameworks/CoreDuet.framework/Versions/A/CoreDuet
0x000000000bbab000 	/System/Library/Frameworks/CloudKit.framework/Versions/A/CloudKit
0x000000000bbab000 	/System/Library/PrivateFrameworks/ProtocolBuffer.framework/Versions/A/ProtocolBuffer
0x000000000bbab000 	/System/Library/PrivateFrameworks/CoreDuetDaemonProtocol.framework/Versions/A/CoreDuetDaemonProtocol
0x000000000bbab000 	/System/Library/PrivateFrameworks/CoreDuetDebugLogging.framework/Versions/A/CoreDuetDebugLogging
0x000000000bbab000 	/System/Library/PrivateFrameworks/MMCS.framework/Versions/A/MMCS
0x000000000bbab000 	/System/Library/Frameworks/CoreLocation.framework/Versions/A/CoreLocation
0x000000000bbab000 	/System/Library/PrivateFrameworks/GeoServices.framework/Versions/A/GeoServices
0x000000000bbab000 	/System/Library/Frameworks/CoreGraphics.framework/Versions/A/Resources/libCGCMS.A.dylib
0x000000000bbab000 	/System/Library/CoreServices/RawCamera.bundle/Contents/MacOS/RawCamera
0x000000000bbab000 	/System/Library/Frameworks/CoreGraphics.framework/Versions/A/Resources/libRIP.A.dylib
0x000000000bbab000 	/System/Library/PrivateFrameworks/FamilyControls.framework/Versions/A/FamilyControls
0x000000000bbab000 	/System/Library/PrivateFrameworks/CommerceKit.framework/Versions/A/Frameworks/CommerceCore.framework/Versions/A/CommerceCore
0x000000000bbab000 	/System/Library/PrivateFrameworks/SystemAdministration.framework/Versions/A/SystemAdministration
0x000000000bbab000 	/System/Library/PrivateFrameworks/AppContainer.framework/Versions/A/AppContainer
0x000000000bbab000 	/System/Library/PrivateFrameworks/SecCodeWrapper.framework/Versions/A/SecCodeWrapper
0x000000000bbab000 	/System/Library/Frameworks/DirectoryService.framework/Versions/A/DirectoryService
0x000000000bbab000 	/System/Library/PrivateFrameworks/LoginUIKit.framework/Versions/A/Frameworks/LoginUICore.framework/Versions/A/LoginUICore
0x000000000bbab000 	/usr/lib/libodfde.dylib
0x00000001243eb000 	/Library/Java/JavaVirtualMachines/jdk1.8.0_101.jdk/Contents/Home/jre/lib/libawt.dylib
0x0000000124493000 	/Library/Java/JavaVirtualMachines/jdk1.8.0_101.jdk/Contents/Home/jre/lib/./libmlib_image.dylib
0x000000012455f000 	/Library/Java/JavaVirtualMachines/jdk1.8.0_101.jdk/Contents/Home/jre/lib/libawt_lwawt.dylib
0x0000000124614000 	/Library/Java/JavaVirtualMachines/jdk1.8.0_101.jdk/Contents/Home/jre/lib/./libosxapp.dylib
0x000000000bbab000 	/System/Library/Frameworks/ExceptionHandling.framework/Versions/A/ExceptionHandling
0x0000000124630000 	/Library/Java/JavaVirtualMachines/jdk1.8.0_101.jdk/Contents/Home/jre/lib/libfontmanager.dylib
0x0000000124bff000 	/Library/Java/JavaVirtualMachines/jdk1.8.0_101.jdk/Contents/Home/jre/lib/libosxui.dylib
0x0000000125a4d000 	/Library/Java/JavaVirtualMachines/jdk1.8.0_101.jdk/Contents/Home/jre/lib/libjavafx_font.dylib
0x000000000bbab000 	/System/Library/Frameworks/CoreGraphics.framework/Versions/A/Resources/libCGXType.A.dylib
0x0000000127544000 	cl_kernels
0x0000000127546000 	/System/Library/Frameworks/OpenCL.framework/Versions/A/Libraries/ImageFormats/unorm8_bgra.dylib
0x0000000127537000 	cl_kernels
0x00000001280b0000 	/Library/Java/JavaVirtualMachines/jdk1.8.0_101.jdk/Contents/Home/jre/lib/libprism_common.dylib
0x00000001248cf000 	/Library/Java/JavaVirtualMachines/jdk1.8.0_101.jdk/Contents/Home/jre/lib/libnio.dylib
0x000000000bbab000 	/System/Library/Frameworks/ApplicationServices.framework/Versions/A/Frameworks/ATS.framework/Versions/A/Resources/libTrueTypeScaler.dylib
0x000000000bbab000 	/System/Library/Frameworks/Accelerate.framework/Versions/A/Frameworks/vImage.framework/Versions/A/Libraries/libCGInterfaces.dylib

VM Arguments:
jvm_args: -Didea.launcher.port=7535 -Didea.launcher.bin.path=/Applications/IntelliJ IDEA.app/Contents/bin -Dfile.encoding=UTF-8 
java_command: com.intellij.rt.execution.application.AppMain LayoutSample
java_class_path (initial): /Library/Java/JavaVirtualMachines/jdk1.8.0_101.jdk/Contents/Home/jre/lib/charsets.jar:/Library/Java/JavaVirtualMachines/jdk1.8.0_101.jdk/Contents/Home/jre/lib/deploy.jar:/Library/Java/JavaVirtualMachines/jdk1.8.0_101.jdk/Contents/Home/jre/lib/ext/cldrdata.jar:/Library/Java/JavaVirtualMachines/jdk1.8.0_101.jdk/Contents/Home/jre/lib/ext/dnsns.jar:/Library/Java/JavaVirtualMachines/jdk1.8.0_101.jdk/Contents/Home/jre/lib/ext/jaccess.jar:/Library/Java/JavaVirtualMachines/jdk1.8.0_101.jdk/Contents/Home/jre/lib/ext/jfxrt.jar:/Library/Java/JavaVirtualMachines/jdk1.8.0_101.jdk/Contents/Home/jre/lib/ext/localedata.jar:/Library/Java/JavaVirtualMachines/jdk1.8.0_101.jdk/Contents/Home/jre/lib/ext/nashorn.jar:/Library/Java/JavaVirtualMachines/jdk1.8.0_101.jdk/Contents/Home/jre/lib/ext/sunec.jar:/Library/Java/JavaVirtualMachines/jdk1.8.0_101.jdk/Contents/Home/jre/lib/ext/sunjce_provider.jar:/Library/Java/JavaVirtualMachines/jdk1.8.0_101.jdk/Contents/Home/jre/lib/ext/sunpkcs11.jar:/Library/Java/JavaVirtualMachines/jdk1.8.0_101.jdk/Contents/Home/jre/lib/ext/zipfs.jar:/Library/Java/JavaVirtualMachines/jdk1.8.0_101.jdk/Contents/Home/jre/lib/javaws.jar:/Library/Java/JavaVirtualMachines/jdk1.8.0_101.jdk/Contents/Home/jre/lib/jce.jar:/Library/Java/JavaVirtualMachines/jdk1.8.0_101.jdk/Contents/Home/jre/lib/jfr.jar:/Library/Java/JavaVirtualMachines/jdk1.8.0_101.jdk/Contents/Home/jre/lib/jfxswt.jar:/Library/Java/JavaVirtualMachines/jdk1.8.0_101.jdk/Contents/Home/jre/lib/jsse.jar:/Library/Java/JavaVirtualMachines/jdk1.8.0_101.jdk/Contents/Home/jre/lib/management-agent.jar:/Library/Java/JavaVirtualMachines/jdk1.8.0_101.jdk/Contents/Home/jre/lib/plugin.jar:/Library/Java/JavaVirtualMachines/jdk1.8.0_101.jdk/Contents/Home/jre/lib/resources.jar:/Library/Java/JavaVirtualMachines/jdk1.8.0_101.jdk/Contents/Home/jre/lib/rt.jar:/Library/Java/JavaVirtualMachines/jdk1.8.0_101.jdk/Contents/Home/lib/ant-javafx.jar:/Library/Java/JavaVirtualMachines/jdk1.8.0_101.jdk/Contents/Home
Launcher Type: SUN_STANDARD

Environment Variables:
PATH=/usr/local/bin:/usr/bin:/bin:/usr/sbin:/sbin
SHELL=/bin/bash

Signal Handlers:
SIGSEGV: [libjvm.dylib+0x5af145], sa_mask[0]=11111111011111110111111111111111, sa_flags=SA_ONSTACK|SA_RESTART|SA_SIGINFO
SIGBUS: [libjvm.dylib+0x5af145], sa_mask[0]=11111111011111110111111111111111, sa_flags=SA_RESTART|SA_SIGINFO
SIGFPE: [libjvm.dylib+0x48694c], sa_mask[0]=11111111011111110111111111111111, sa_flags=SA_RESTART|SA_SIGINFO
SIGPIPE: [libjvm.dylib+0x48694c], sa_mask[0]=11111111011111110111111111111111, sa_flags=SA_RESTART|SA_SIGINFO
SIGXFSZ: [libjvm.dylib+0x48694c], sa_mask[0]=11111111011111110111111111111111, sa_flags=SA_RESTART|SA_SIGINFO
SIGILL: [libjvm.dylib+0x48694c], sa_mask[0]=11111111011111110111111111111111, sa_flags=SA_RESTART|SA_SIGINFO
SIGUSR1: SIG_DFL, sa_mask[0]=00000000000000000000000000000000, sa_flags=none
SIGUSR2: [libjvm.dylib+0x48646a], sa_mask[0]=00100000000000000000000000000000, sa_flags=SA_RESTART|SA_SIGINFO
SIGHUP: [libjvm.dylib+0x484a41], sa_mask[0]=11111111011111110111111111111111, sa_flags=SA_RESTART|SA_SIGINFO
SIGINT: [libjvm.dylib+0x484a41], sa_mask[0]=11111111011111110111111111111111, sa_flags=SA_RESTART|SA_SIGINFO
SIGTERM: [libjvm.dylib+0x484a41], sa_mask[0]=11111111011111110111111111111111, sa_flags=SA_RESTART|SA_SIGINFO
SIGQUIT: [libjvm.dylib+0x484a41], sa_mask[0]=11111111011111110111111111111111, sa_flags=SA_RESTART|SA_SIGINFO


---------------  S Y S T E M  ---------------

OS:Bsduname:Darwin 14.5.0 Darwin Kernel Version 14.5.0: Wed Jul 29 02:26:53 PDT 2015; root:xnu-2782.40.9~1/RELEASE_X86_64 x86_64
rlimit: STACK 8192k, CORE 0k, NPROC 709, NOFILE 10240, AS infinity
load average:1.81 1.61 1.64

CPU:total 4 (4 cores per cpu, 1 threads per core) family 6 model 30 stepping 5, cmov, cx8, fxsr, mmx, sse, sse2, sse3, ssse3, sse4.1, sse4.2, popcnt, tsc, tscinvbit

Memory: 4k page, physical 8388608k(1605204k free)

/proc/meminfo:


vm_info: Java HotSpot(TM) 64-Bit Server VM (25.101-b13) for bsd-amd64 JRE (1.8.0_101-b13), built on Jun 22 2016 02:42:15 by "java_re" with gcc 4.2.1 (Based on Apple Inc. build 5658) (LLVM build 2336.11.00)

time: Mon Jul 25 16:01:42 2016
elapsed time: 314 seconds (0d 0h 5m 14s)

